<?xml version="1.0" encoding="utf-8" standalone="no"?>
<test-results xmlns:xsi="http://www.w3.org/2001/XMLSchema-instance" xsi:noNamespaceSchemaLocation="nunit_schema_2.5.xsd" name="Pester" total="5" errors="0" failures="0" not-run="58" inconclusive="0" ignored="0" skipped="0" invalid="0" date="2024-08-26" time="19:05:01">
  <environment clr-version="4.0.30319.42000" user-domain="DESKTOP-TM5O5E8" cwd="C:\Users\alex\Projects\ALiterateTourOfActiveDirectoryAttacks" platform="Microsoft Windows 11 Pro|C:\Windows|\Device\Harddisk0\Partition3" machine-name="DESKTOP-TM5O5E8" nunit-version="2.5.8.0" os-version="10.0.22631" user="alex" />
  <culture-info current-culture="en-GB" current-uiculture="en-US" />
  <test-suite type="TestFixture" name="Pester" executed="True" result="Success" success="True" time="11.466" asserts="0" description="Pester">
    <results>
      <test-suite type="TestFixture" name="C:\Program Files\WindowsPowerShell\Modules\AutomatedLabTest\5.54.0\tests\00General.tests.ps1" executed="True" result="Success" success="True" time="5.966" asserts="0" description="C:\Program Files\WindowsPowerShell\Modules\AutomatedLabTest\5.54.0\tests\00General.tests.ps1">
        <results>
          <test-suite type="TestFixture" name="[ACLAbuse] General" executed="True" result="Success" success="True" time="2.7302" asserts="0" description="[ACLAbuse] General">
            <results>
              <test-suite type="TestFixture" name="[ACLAbuse] General.Lab deployment successful" executed="True" result="Success" success="True" time="2.5067" asserts="0" description="[ACLAbuse] General.Lab deployment successful">
                <results>
                  <test-suite type="ParameterizedTest" name="[ACLAbuse] General.Lab deployment successful.[&lt;LabName&gt;] Should return the correct amount of machines" executed="True" result="Success" success="True" time="1.8557" asserts="0" description="[&lt;LabName&gt;] Should return the correct amount of machines">
                    <results>
                      <test-case description="[ACLAbuse] Should return the correct amount of machines" name="[ACLAbuse] General.Lab deployment successful.[ACLAbuse] Should return the correct amount of machines" time="1.8557" asserts="0" success="True" result="Success" executed="True" />
                    </results>
                  </test-suite>
                </results>
              </test-suite>
            </results>
          </test-suite>
        </results>
      </test-suite>
      <test-suite type="TestFixture" name="C:\Program Files\WindowsPowerShell\Modules\AutomatedLabTest\5.54.0\tests\RootDC.tests.ps1" executed="True" result="Success" success="True" time="1.7349" asserts="0" description="C:\Program Files\WindowsPowerShell\Modules\AutomatedLabTest\5.54.0\tests\RootDC.tests.ps1">
        <results>
          <test-suite type="TestFixture" name="[ACLAbuse] DC Generic" executed="True" result="Success" success="True" time="1.0215" asserts="0" description="[ACLAbuse] DC Generic">
            <results>
              <test-suite type="TestFixture" name="[ACLAbuse] DC Generic.Role deployment successful" executed="True" result="Success" success="True" time="1.0137" asserts="0" description="[ACLAbuse] DC Generic.Role deployment successful">
                <results>
                  <test-case description="[RootDC] Should return the correct amount of machines" name="[ACLAbuse] DC Generic.Role deployment successful.[RootDC] Should return the correct amount of machines" time="0.0453" asserts="0" success="True" result="Success" executed="True" />
                  <test-suite type="ParameterizedTest" name="[ACLAbuse] DC Generic.Role deployment successful.DC01 should have ADWS running" executed="True" result="Success" success="True" time="0.3901" asserts="0" description="DC01 should have ADWS running">
                    <results>
                      <test-case description="DC01 should have ADWS running" name="[ACLAbuse] DC Generic.Role deployment successful.DC01 should have ADWS running(DC01)" time="0.3901" asserts="0" success="True" result="Success" executed="True" />
                    </results>
                  </test-suite>
                  <test-suite type="ParameterizedTest" name="[ACLAbuse] DC Generic.Role deployment successful.DC01 should respond to ADWS calls" executed="True" result="Success" success="True" time="0.5711" asserts="0" description="DC01 should respond to ADWS calls">
                    <results>
                      <test-case description="DC01 should respond to ADWS calls" name="[ACLAbuse] DC Generic.Role deployment successful.DC01 should respond to ADWS calls(DC01)" time="0.5711" asserts="0" success="True" result="Success" executed="True" />
                    </results>
                  </test-suite>
                </results>
              </test-suite>
            </results>
          </test-suite>
          <test-suite type="TestFixture" name="[ACLAbuse] RootDC specific" executed="True" result="Success" success="True" time="1.5858" asserts="0" description="[ACLAbuse] RootDC specific">
            <results>
              <test-suite type="ParameterizedTest" name="[ACLAbuse] RootDC specific.DC01 should hold PDC emulator FSMO role" executed="True" result="Success" success="True" time="0.5592" asserts="0" description="DC01 should hold PDC emulator FSMO role">
                <results>
                  <test-case description="DC01 should hold PDC emulator FSMO role" name="[ACLAbuse] RootDC specific.DC01 should hold PDC emulator FSMO role(DC01)" time="0.5592" asserts="0" success="True" result="Success" executed="True" />
                </results>
              </test-suite>
            </results>
          </test-suite>
        </results>
      </test-suite>
    </results>
  </test-suite>
</test-results>